2025-07-01 11:15:12 - INFO - setup_logging - Logging initialized. Log file: C:\Users\SamClissold\MCCF_Git_Repo\MCCF\PDP8\results\logs\map_generation_20250701_111512.log
2025-07-01 11:15:12 - INFO - main - Starting map generation process
2025-07-01 11:15:12 - INFO - main - Generating map type: power
2025-07-01 11:15:12 - INFO - main - Generating power project map
2025-07-01 11:15:12 - INFO - read_and_clean_power_data - Starting power data reading and cleaning
2025-07-01 11:15:12 - INFO - read_and_clean_power_data - Reading 11 sheets from C:\Users\SamClissold\MCCF_Git_Repo\MCCF\PDP8\data\PDP8 project data (2).xlsx
2025-07-01 11:15:12 - INFO - read_and_clean_power_data - Processing solar sheet with 340 rows
2025-07-01 11:15:12 - INFO - read_and_clean_power_data - Filtered 0 rows with empty project names
2025-07-01 11:15:12 - INFO - read_and_clean_power_data - Found 6 unique operational phases
2025-07-01 11:15:12 - INFO - read_and_clean_power_data - Filtered 0 rows with invalid periods
2025-07-01 11:15:12 - INFO - read_and_clean_power_data - Completed processing solar sheet
2025-07-01 11:15:12 - INFO - read_and_clean_power_data - Processing onshore sheet with 197 rows
2025-07-01 11:15:12 - INFO - read_and_clean_power_data - Filtered 0 rows with empty project names
2025-07-01 11:15:12 - INFO - read_and_clean_power_data - Found 4 unique operational phases
2025-07-01 11:15:12 - INFO - read_and_clean_power_data - Filtered 0 rows with invalid periods
2025-07-01 11:15:12 - INFO - read_and_clean_power_data - Completed processing onshore sheet
2025-07-01 11:15:12 - INFO - read_and_clean_power_data - Processing LNG-fired gas sheet with 26 rows
2025-07-01 11:15:12 - INFO - read_and_clean_power_data - Filtered 0 rows with empty project names
2025-07-01 11:15:12 - INFO - read_and_clean_power_data - Found 2 unique operational phases
2025-07-01 11:15:12 - INFO - read_and_clean_power_data - Filtered 0 rows with invalid periods
2025-07-01 11:15:12 - INFO - read_and_clean_power_data - Completed processing LNG-fired gas sheet
2025-07-01 11:15:12 - INFO - read_and_clean_power_data - Processing cogeneration sheet with 8 rows
2025-07-01 11:15:12 - INFO - read_and_clean_power_data - Filtered 0 rows with empty project names
2025-07-01 11:15:12 - INFO - read_and_clean_power_data - Found 2 unique operational phases
2025-07-01 11:15:12 - INFO - read_and_clean_power_data - Filtered 0 rows with invalid periods
2025-07-01 11:15:12 - INFO - read_and_clean_power_data - Completed processing cogeneration sheet
2025-07-01 11:15:12 - INFO - read_and_clean_power_data - Processing domestic gas-fired sheet with 10 rows
2025-07-01 11:15:12 - INFO - read_and_clean_power_data - Filtered 0 rows with empty project names
2025-07-01 11:15:12 - INFO - read_and_clean_power_data - Found 1 unique operational phases
2025-07-01 11:15:12 - INFO - read_and_clean_power_data - Filtered 0 rows with invalid periods
2025-07-01 11:15:12 - INFO - read_and_clean_power_data - Completed processing domestic gas-fired sheet
2025-07-01 11:15:12 - INFO - read_and_clean_power_data - Processing hydro sheet with 12 rows
2025-07-01 11:15:12 - INFO - read_and_clean_power_data - Filtered 0 rows with empty project names
2025-07-01 11:15:12 - INFO - read_and_clean_power_data - Found 2 unique operational phases
2025-07-01 11:15:12 - INFO - read_and_clean_power_data - Filtered 0 rows with invalid periods
2025-07-01 11:15:12 - INFO - read_and_clean_power_data - Completed processing hydro sheet
2025-07-01 11:15:12 - INFO - read_and_clean_power_data - Processing pumped-storage sheet with 22 rows
2025-07-01 11:15:12 - INFO - read_and_clean_power_data - Filtered 0 rows with empty project names
2025-07-01 11:15:12 - INFO - read_and_clean_power_data - Found 2 unique operational phases
2025-07-01 11:15:12 - INFO - read_and_clean_power_data - Filtered 0 rows with invalid periods
2025-07-01 11:15:12 - INFO - read_and_clean_power_data - Completed processing pumped-storage sheet
2025-07-01 11:15:12 - INFO - read_and_clean_power_data - Processing nuclear sheet with 2 rows
2025-07-01 11:15:12 - INFO - read_and_clean_power_data - Filtered 0 rows with empty project names
2025-07-01 11:15:12 - INFO - read_and_clean_power_data - Found 1 unique operational phases
2025-07-01 11:15:12 - INFO - read_and_clean_power_data - Filtered 0 rows with invalid periods
2025-07-01 11:15:12 - INFO - read_and_clean_power_data - Completed processing nuclear sheet
2025-07-01 11:15:12 - INFO - read_and_clean_power_data - Processing biomass sheet with 29 rows
2025-07-01 11:15:12 - INFO - read_and_clean_power_data - Filtered 0 rows with empty project names
2025-07-01 11:15:12 - INFO - read_and_clean_power_data - Found 11 unique operational phases
2025-07-01 11:15:12 - INFO - read_and_clean_power_data - Filtered 0 rows with invalid periods
2025-07-01 11:15:12 - INFO - read_and_clean_power_data - Completed processing biomass sheet
2025-07-01 11:15:12 - INFO - read_and_clean_power_data - Processing waste-to-energy sheet with 9 rows
2025-07-01 11:15:12 - INFO - read_and_clean_power_data - Filtered 0 rows with empty project names
2025-07-01 11:15:12 - INFO - read_and_clean_power_data - Found 1 unique operational phases
2025-07-01 11:15:12 - INFO - read_and_clean_power_data - Filtered 4 rows with invalid periods
2025-07-01 11:15:12 - INFO - read_and_clean_power_data - Completed processing waste-to-energy sheet
2025-07-01 11:15:12 - INFO - read_and_clean_power_data - Processing flexible sheet with 3 rows
2025-07-01 11:15:12 - INFO - read_and_clean_power_data - Filtered 0 rows with empty project names
2025-07-01 11:15:12 - INFO - read_and_clean_power_data - Found 2 unique operational phases
2025-07-01 11:15:12 - INFO - read_and_clean_power_data - Filtered 0 rows with invalid periods
2025-07-01 11:15:12 - INFO - read_and_clean_power_data - Completed processing flexible sheet
2025-07-01 11:15:12 - INFO - read_and_clean_power_data - Combining all processed sheets
2025-07-01 11:15:12 - INFO - read_and_clean_power_data - Processing coordinates and capacity
2025-07-01 11:15:12 - INFO - read_and_clean_power_data - Dropped 0 rows with invalid coordinates or capacity
2025-07-01 11:15:12 - INFO - read_and_clean_power_data - Power data processing completed in 0.31 seconds
2025-07-01 11:15:12 - INFO - read_and_clean_power_data - Final dataset has 654 rows
2025-07-01 11:15:12 - INFO - create_folium_map - Starting base map creation
2025-07-01 11:15:12 - INFO - create_folium_map - Adding map plugins
2025-07-01 11:15:12 - INFO - create_folium_map - Adding legend control script
2025-07-01 11:15:12 - INFO - create_folium_map - Base map creation completed in 0.01 seconds
2025-07-01 11:15:12 - INFO - add_project_layers - Starting project layer addition
2025-07-01 11:15:12 - INFO - add_project_layers - Creating feature groups
2025-07-01 11:15:12 - INFO - add_project_layers - Adding markers to map
2025-07-01 11:15:12 - INFO - add_project_layers - Added 100 markers to map
2025-07-01 11:15:12 - INFO - add_project_layers - Added 200 markers to map
2025-07-01 11:15:12 - INFO - add_project_layers - Added 300 markers to map
2025-07-01 11:15:12 - INFO - add_project_layers - Added 400 markers to map
2025-07-01 11:15:12 - INFO - add_project_layers - Added 500 markers to map
2025-07-01 11:15:12 - INFO - add_project_layers - Added 600 markers to map
2025-07-01 11:15:12 - INFO - add_project_layers - Total markers added: 654
2025-07-01 11:15:12 - INFO - add_project_layers - Adding substation layer
2025-07-01 11:15:12 - INFO - read_substation_data - Starting substation data reading
2025-07-01 11:15:12 - INFO - read_substation_data - Reading substation data from C:\Users\SamClissold\MCCF_Git_Repo\MCCF\PDP8\data\infrastructure_data.xlsx
2025-07-01 11:15:40 - INFO - read_substation_data - Initial data shape: (103453, 29)
2025-07-01 11:15:40 - INFO - read_substation_data - Filtered 0 rows with blank substation type
2025-07-01 11:15:40 - INFO - read_substation_data - Kept columns: ['substation_type', 'max_voltage', 'longitude', 'latitude']
2025-07-01 11:15:40 - INFO - read_substation_data - Substation data reading completed in 27.52 seconds
2025-07-01 11:15:40 - INFO - read_substation_data - Final substation records: 103453
2025-07-01 11:15:40 - ERROR - add_project_layers - Error adding project layers: 'voltage'
Traceback (most recent call last):
  File "C:\Users\SamClissold\anaconda3\envs\mccf-env\lib\site-packages\pandas\core\indexes\base.py", line 3812, in get_loc
    return self._engine.get_loc(casted_key)
  File "pandas/_libs/index.pyx", line 167, in pandas._libs.index.IndexEngine.get_loc
  File "pandas/_libs/index.pyx", line 196, in pandas._libs.index.IndexEngine.get_loc
  File "pandas/_libs/hashtable_class_helper.pxi", line 7088, in pandas._libs.hashtable.PyObjectHashTable.get_item
  File "pandas/_libs/hashtable_class_helper.pxi", line 7096, in pandas._libs.hashtable.PyObjectHashTable.get_item
KeyError: 'voltage'

The above exception was the direct cause of the following exception:

Traceback (most recent call last):
  File "C:\Users\SamClissold\MCCF_Git_Repo\MCCF\PDP8\map.py", line 926, in add_project_layers
    color = get_voltage_color(row['voltage'])
  File "C:\Users\SamClissold\anaconda3\envs\mccf-env\lib\site-packages\pandas\core\series.py", line 1130, in __getitem__
    return self._get_value(key)
  File "C:\Users\SamClissold\anaconda3\envs\mccf-env\lib\site-packages\pandas\core\series.py", line 1246, in _get_value
    loc = self.index.get_loc(label)
  File "C:\Users\SamClissold\anaconda3\envs\mccf-env\lib\site-packages\pandas\core\indexes\base.py", line 3819, in get_loc
    raise KeyError(key) from err
KeyError: 'voltage'
2025-07-01 11:15:40 - INFO - save_and_open_map - Starting map saving process
2025-07-01 11:15:40 - INFO - save_and_open_map - Saving map to C:\Users\SamClissold\MCCF_Git_Repo\MCCF\PDP8\results\vn_projects_with_layers.html
2025-07-01 11:15:42 - INFO - save_and_open_map - Opening map in browser: C:\Users\SamClissold\MCCF_Git_Repo\MCCF\PDP8\results\vn_projects_with_layers.html
2025-07-01 11:15:43 - INFO - save_and_open_map - Map saving and opening completed in 2.45 seconds
2025-07-01 11:15:43 - INFO - main - Map generation completed in 30.50 seconds
